<?xml version="1.0" encoding="UTF-8"?>
<testsuite name="MainTest" tests="2" skipped="0" failures="0" errors="0" timestamp="2021-03-12T20:15:41" hostname="OXI-PC" time="0.103">
  <properties/>
  <testcase name="[1] [2, 1, 7, 1, 5, 2, 6, 3, 8]" classname="MainTest" time="0.09"/>
  <testcase name="[2] []" classname="MainTest" time="0.003"/>
  <system-out><![CDATA[]]></system-out>
  <system-err><![CDATA[]]></system-err>
</testsuite>
